0 info it worked if it ends with ok
1 verbose cli [ 'c:\\Program Files (x86)\\nodejs\\node.exe',
1 verbose cli   'c:\\Program Files (x86)\\nodejs\\node_modules\\npm\\bin\\npm-cli.js',
1 verbose cli   'install',
1 verbose cli   '--save',
1 verbose cli   'd3-tip' ]
2 info using npm@2.11.3
3 info using node@v0.12.7
4 verbose install initial load of d:\workspace\contributions\package.json
5 verbose installManyTop reading scoped package data from d:\workspace\contributions\node_modules\babel\package.json
6 verbose installManyTop reading scoped package data from d:\workspace\contributions\node_modules\babel-core\package.json
7 verbose installManyTop reading scoped package data from d:\workspace\contributions\node_modules\babel-loader\package.json
8 verbose installManyTop reading scoped package data from d:\workspace\contributions\node_modules\body-parser\package.json
9 verbose installManyTop reading scoped package data from d:\workspace\contributions\node_modules\chart.js\package.json
10 verbose installManyTop reading scoped package data from d:\workspace\contributions\node_modules\chartist\package.json
11 verbose installManyTop reading scoped package data from d:\workspace\contributions\node_modules\cookie-parser\package.json
12 verbose installManyTop reading scoped package data from d:\workspace\contributions\node_modules\css-loader\package.json
13 verbose installManyTop reading scoped package data from d:\workspace\contributions\node_modules\d3\package.json
14 verbose installManyTop reading scoped package data from d:\workspace\contributions\node_modules\debug\package.json
15 verbose installManyTop reading scoped package data from d:\workspace\contributions\node_modules\express\package.json
16 verbose installManyTop reading scoped package data from d:\workspace\contributions\node_modules\file-loader\package.json
17 verbose installManyTop reading scoped package data from d:\workspace\contributions\node_modules\flux\package.json
18 verbose installManyTop reading scoped package data from d:\workspace\contributions\node_modules\font-awesome\package.json
19 verbose installManyTop reading scoped package data from d:\workspace\contributions\node_modules\font-awesome-webpack\package.json
20 verbose installManyTop reading scoped package data from d:\workspace\contributions\node_modules\highcharts\package.json
21 verbose installManyTop reading scoped package data from d:\workspace\contributions\node_modules\jade\package.json
22 verbose installManyTop reading scoped package data from d:\workspace\contributions\node_modules\json-loader\package.json
23 verbose installManyTop reading scoped package data from d:\workspace\contributions\node_modules\jsx-loader\package.json
24 verbose installManyTop reading scoped package data from d:\workspace\contributions\node_modules\lodash\package.json
25 verbose installManyTop reading scoped package data from d:\workspace\contributions\node_modules\material-ui\package.json
26 verbose installManyTop reading scoped package data from d:\workspace\contributions\node_modules\moment\package.json
27 verbose installManyTop reading scoped package data from d:\workspace\contributions\node_modules\morgan\package.json
28 verbose installManyTop reading scoped package data from d:\workspace\contributions\node_modules\nanoajax\package.json
29 verbose installManyTop reading scoped package data from d:\workspace\contributions\node_modules\nodegit\package.json
30 verbose installManyTop reading scoped package data from d:\workspace\contributions\node_modules\react\package.json
31 verbose installManyTop reading scoped package data from d:\workspace\contributions\node_modules\react-chartjs\package.json
32 verbose installManyTop reading scoped package data from d:\workspace\contributions\node_modules\react-fontawesome\package.json
33 verbose installManyTop reading scoped package data from d:\workspace\contributions\node_modules\react-tap-event-plugin\package.json
34 verbose installManyTop reading scoped package data from d:\workspace\contributions\node_modules\static-favicon\package.json
35 verbose installManyTop reading scoped package data from d:\workspace\contributions\node_modules\statics\package.json
36 verbose installManyTop reading scoped package data from d:\workspace\contributions\node_modules\style-loader\package.json
37 verbose installManyTop reading scoped package data from d:\workspace\contributions\node_modules\url-loader\package.json
38 verbose installManyTop reading scoped package data from d:\workspace\contributions\node_modules\webpack\package.json
39 info package.json chart.js@1.0.2 No license field.
40 info package.json chartist@0.9.4 No license field.
41 info package.json statics@0.1.0 license should be a valid SPDX license expression
42 info package.json jsx-loader@0.13.2 license should be a valid SPDX license expression
43 info package.json react-tap-event-plugin@0.1.7 No license field.
44 info package.json static-favicon@1.0.2 No license field.
45 verbose readDependencies loading dependencies from d:\workspace\contributions\package.json
46 silly cache add args [ 'd3-tip', null ]
47 verbose cache add spec d3-tip
48 silly cache add parsed spec { raw: 'd3-tip',
48 silly cache add   scope: null,
48 silly cache add   name: 'd3-tip',
48 silly cache add   rawSpec: '',
48 silly cache add   spec: '*',
48 silly cache add   type: 'range' }
49 silly addNamed d3-tip@*
50 verbose addNamed "*" is a valid semver range for d3-tip
51 silly addNameRange { name: 'd3-tip', range: '*', hasData: false }
52 silly mapToRegistry name d3-tip
53 silly mapToRegistry using default registry
54 silly mapToRegistry registry http://registry.npmjs.org/
55 silly mapToRegistry uri http://registry.npmjs.org/d3-tip
56 verbose addNameRange registry:http://registry.npmjs.org/d3-tip not in flight; fetching
57 verbose request uri http://registry.npmjs.org/d3-tip
58 verbose request no auth needed
59 info attempt registry request try #1 at 11:59:43 PM
60 verbose request id 05bed8dbd3dd0f5a
61 http request GET http://registry.npmjs.org/d3-tip
62 info retry will retry, error on last attempt: Error: connect ETIMEDOUT
63 info attempt registry request try #2 at 12:00:14 AM
64 http request GET http://registry.npmjs.org/d3-tip
65 info retry will retry, error on last attempt: Error: connect ETIMEDOUT
66 info attempt registry request try #3 at 12:01:35 AM
67 http request GET http://registry.npmjs.org/d3-tip
68 verbose stack Error: connect ETIMEDOUT
68 verbose stack     at exports._errnoException (util.js:746:11)
68 verbose stack     at TCPConnectWrap.afterConnect [as oncomplete] (net.js:1010:19)
69 verbose cwd d:\workspace\contributions
70 error Windows_NT 6.1.7601
71 error argv "c:\\Program Files (x86)\\nodejs\\node.exe" "c:\\Program Files (x86)\\nodejs\\node_modules\\npm\\bin\\npm-cli.js" "install" "--save" "d3-tip"
72 error node v0.12.7
73 error npm  v2.11.3
74 error code ETIMEDOUT
75 error errno ETIMEDOUT
76 error syscall connect
77 error network connect ETIMEDOUT
77 error network This is most likely not a problem with npm itself
77 error network and is related to network connectivity.
77 error network In most cases you are behind a proxy or have bad network settings.
77 error network
77 error network If you are behind a proxy, please make sure that the
77 error network 'proxy' config is set properly.  See: 'npm help config'
78 verbose exit [ 1, true ]
